

Version:	3.50
CmdLine:	D:\MATA KULIAH\SEMESTER 4\Projek KKN-KKP\bin\Pendaftaran_KKP-KKN.exe --l4j-debug
JNI:		No
WOW64:		Yes
Working dir:	D:\MATA KULIAH\SEMESTER 4\Projek KKN-KKP\bin\.
Requires JDK:	No
Requires 64-Bit: No
Java min ver:	1.007.000_025
Java max ver:	1.008.000_150
JRE paths:	\jre1.8.0_111
Check launcher:	\jre1.8.0_111\bin\javaw.exe (not found)
64-bit search:	SOFTWARE\JavaSoft\Java Runtime Environment...
Check:		SOFTWARE\JavaSoft\Java Runtime Environment\1.8
Version string: 1.008.000 / 64-Bit (OK)
Check launcher:	C:\Program Files\Java\jre1.8.0_111\bin\javaw.exe (OK)
Match:		1.008.000
Runtime used:	1.008.000 (64-bit)
Launcher:	C:\Program Files\Java\jre1.8.0_111\bin\javaw.exe
Launcher args:	-jar "D:\MATA KULIAH\SEMESTER 4\Projek KKN-KKP\bin\Pendaftaran_KKP-KKN.exe"
Args length:	75/32768 chars
Exit code:	0


Version:	3.50
CmdLine:	D:\MATA KULIAH\SEMESTER 4\Projek KKN-KKP\bin\Daftar_kkn-kkp.exe --l4j-debug
JNI:		No
WOW64:		Yes
Working dir:	D:\MATA KULIAH\SEMESTER 4\Projek KKN-KKP\bin\.
Requires JDK:	No
Requires 64-Bit: No
Java min ver:	1.008.000_111
Java max ver:	
JRE paths:	\jre1.8.0_111
Check launcher:	\jre1.8.0_111\bin\javaw.exe (not found)
64-bit search:	SOFTWARE\JavaSoft\Java Runtime Environment...
Check:		SOFTWARE\JavaSoft\Java Runtime Environment\1.8
Version string: 1.008.000 / 64-Bit (Ignore)
Ignore:		1.008.000
Check:		SOFTWARE\JavaSoft\Java Runtime Environment\1.8.0_111
Version string: 1.008.000_111 / 64-Bit (OK)
Check launcher:	C:\Program Files\Java\jre1.8.0_111\bin\javaw.exe (OK)
Match:		1.008.000_111
Runtime used:	1.008.000_111 (64-bit)
Launcher:	C:\Program Files\Java\jre1.8.0_111\bin\javaw.exe
Launcher args:	-jar "D:\MATA KULIAH\SEMESTER 4\Projek KKN-KKP\bin\Daftar_kkn-kkp.exe"
Args length:	70/32768 chars
Exit code:	0
